0 info it worked if it ends with ok
1 verbose cli [ 'node',
1 verbose cli   '/Users/josephritchie/local/bin/npm',
1 verbose cli   'install',
1 verbose cli   '-g',
1 verbose cli   'grunt-cli' ]
2 info using npm@1.4.13
3 info using node@v0.10.28
4 verbose cache add [ 'grunt-cli', null ]
5 verbose cache add name=undefined spec="grunt-cli" args=["grunt-cli",null]
6 verbose parsed url { protocol: null,
6 verbose parsed url   slashes: null,
6 verbose parsed url   auth: null,
6 verbose parsed url   host: null,
6 verbose parsed url   port: null,
6 verbose parsed url   hostname: null,
6 verbose parsed url   hash: null,
6 verbose parsed url   search: null,
6 verbose parsed url   query: null,
6 verbose parsed url   pathname: 'grunt-cli',
6 verbose parsed url   path: 'grunt-cli',
6 verbose parsed url   href: 'grunt-cli' }
7 silly lockFile 671ef8ac-grunt-cli grunt-cli
8 verbose lock grunt-cli /Users/josephritchie/.npm/671ef8ac-grunt-cli.lock
9 silly lockFile 671ef8ac-grunt-cli grunt-cli
10 silly lockFile 671ef8ac-grunt-cli grunt-cli
11 verbose addNamed [ 'grunt-cli', '' ]
12 verbose addNamed [ null, '*' ]
13 silly lockFile d63f3d0b-grunt-cli grunt-cli@
14 verbose lock grunt-cli@ /Users/josephritchie/.npm/d63f3d0b-grunt-cli.lock
15 silly addNameRange { name: 'grunt-cli', range: '*', hasData: false }
16 verbose url raw grunt-cli
17 verbose url resolving [ 'https://registry.npmjs.org/', './grunt-cli' ]
18 verbose url resolved https://registry.npmjs.org/grunt-cli
19 info trying registry request attempt 1 at 00:38:23
20 http GET https://registry.npmjs.org/grunt-cli
21 http 200 https://registry.npmjs.org/grunt-cli
22 silly registry.get cb [ 200,
22 silly registry.get   { date: 'Tue, 03 Jun 2014 07:38:23 GMT',
22 silly registry.get     server: 'CouchDB/1.5.0 (Erlang OTP/R14B04)',
22 silly registry.get     etag: '"BHEQPPLIIL88J9U3I5B1VT0UZ"',
22 silly registry.get     'content-type': 'application/json',
22 silly registry.get     via: '1.1 varnish',
22 silly registry.get     'cache-control': 'max-age=1',
22 silly registry.get     'content-length': '19627',
22 silly registry.get     'accept-ranges': 'bytes',
22 silly registry.get     age: '899',
22 silly registry.get     'x-served-by': 'cache-v36-ASH, cache-sv60-SJC3',
22 silly registry.get     'x-cache': 'HIT, HIT',
22 silly registry.get     'x-cache-hits': '1, 1',
22 silly registry.get     'x-timer': 'S1401781103.603957,VS0,VE227',
22 silly registry.get     vary: 'Accept',
22 silly registry.get     'keep-alive': 'timeout=10, max=50',
22 silly registry.get     connection: 'Keep-Alive' } ]
23 silly addNameRange number 2 { name: 'grunt-cli', range: '*', hasData: true }
24 silly addNameRange versions [ 'grunt-cli',
24 silly addNameRange   [ '0.1.0',
24 silly addNameRange     '0.1.1',
24 silly addNameRange     '0.1.2',
24 silly addNameRange     '0.1.3',
24 silly addNameRange     '0.1.4',
24 silly addNameRange     '0.1.5',
24 silly addNameRange     '0.1.6',
24 silly addNameRange     '0.1.7',
24 silly addNameRange     '0.1.8',
24 silly addNameRange     '0.1.9',
24 silly addNameRange     '0.1.10',
24 silly addNameRange     '0.1.11',
24 silly addNameRange     '0.1.12',
24 silly addNameRange     '0.1.13' ] ]
25 verbose addNamed [ 'grunt-cli', '0.1.13' ]
26 verbose addNamed [ '0.1.13', '0.1.13' ]
27 silly lockFile 28997503-grunt-cli-0-1-13 grunt-cli@0.1.13
28 verbose lock grunt-cli@0.1.13 /Users/josephritchie/.npm/28997503-grunt-cli-0-1-13.lock
29 silly lockFile ab76c46e-g-grunt-cli-grunt-cli-0-1-13-tgz https://registry.npmjs.org/grunt-cli/-/grunt-cli-0.1.13.tgz
30 verbose lock https://registry.npmjs.org/grunt-cli/-/grunt-cli-0.1.13.tgz /Users/josephritchie/.npm/ab76c46e-g-grunt-cli-grunt-cli-0-1-13-tgz.lock
31 verbose addRemoteTarball [ 'https://registry.npmjs.org/grunt-cli/-/grunt-cli-0.1.13.tgz',
31 verbose addRemoteTarball   'e9ebc4047631f5012d922770c39378133cad10f4' ]
32 info retry fetch attempt 1 at 00:38:23
33 verbose fetch to= /var/folders/x0/w0lnsmns7_n05vz6wp7wvf4r0000gn/T/npm-4918-U300HLMt/registry.npmjs.org/grunt-cli/-/grunt-cli-0.1.13.tgz
34 http GET https://registry.npmjs.org/grunt-cli/-/grunt-cli-0.1.13.tgz
35 http 200 https://registry.npmjs.org/grunt-cli/-/grunt-cli-0.1.13.tgz
36 silly lockFile ab76c46e-g-grunt-cli-grunt-cli-0-1-13-tgz https://registry.npmjs.org/grunt-cli/-/grunt-cli-0.1.13.tgz
37 silly lockFile ab76c46e-g-grunt-cli-grunt-cli-0-1-13-tgz https://registry.npmjs.org/grunt-cli/-/grunt-cli-0.1.13.tgz
38 silly lockFile 28997503-grunt-cli-0-1-13 grunt-cli@0.1.13
39 silly lockFile 28997503-grunt-cli-0-1-13 grunt-cli@0.1.13
40 silly lockFile d63f3d0b-grunt-cli grunt-cli@
41 silly lockFile d63f3d0b-grunt-cli grunt-cli@
42 silly resolved [ { name: 'grunt-cli',
42 silly resolved     description: 'The grunt command line interface.',
42 silly resolved     version: '0.1.13',
42 silly resolved     author: { name: 'Grunt Team' },
42 silly resolved     homepage: 'http://gruntjs.com/',
42 silly resolved     repository: { type: 'git', url: 'git://github.com/gruntjs/grunt-cli.git' },
42 silly resolved     bugs: { url: 'http://github.com/gruntjs/grunt-cli/issues' },
42 silly resolved     licenses: [ [Object] ],
42 silly resolved     bin: { grunt: 'bin/grunt' },
42 silly resolved     engines: { node: '>= 0.8.0' },
42 silly resolved     scripts: { test: 'node bin/grunt test' },
42 silly resolved     preferGlobal: true,
42 silly resolved     dependencies: { nopt: '~1.0.10', 'findup-sync': '~0.1.0', resolve: '~0.3.1' },
42 silly resolved     devDependencies: { grunt: '~0.4.0', 'grunt-contrib-jshint': '~0.2.0' },
42 silly resolved     contributors: [ [Object], [Object], [Object], [Object] ],
42 silly resolved     _id: 'grunt-cli@0.1.13',
42 silly resolved     dist:
42 silly resolved      { shasum: 'e9ebc4047631f5012d922770c39378133cad10f4',
42 silly resolved        tarball: 'http://registry.npmjs.org/grunt-cli/-/grunt-cli-0.1.13.tgz' },
42 silly resolved     _from: 'grunt-cli@',
42 silly resolved     _npmVersion: '1.3.24',
42 silly resolved     _npmUser: { name: 'tkellen', email: 'tyler@sleekcode.net' },
42 silly resolved     maintainers: [ [Object] ],
42 silly resolved     directories: {},
42 silly resolved     _shasum: 'e9ebc4047631f5012d922770c39378133cad10f4',
42 silly resolved     _resolved: 'https://registry.npmjs.org/grunt-cli/-/grunt-cli-0.1.13.tgz' } ]
43 info install grunt-cli@0.1.13 into /Users/josephritchie/local/lib
44 info installOne grunt-cli@0.1.13
45 info /Users/josephritchie/local/lib/node_modules/grunt-cli unbuild
46 verbose tar unpack /Users/josephritchie/.npm/grunt-cli/0.1.13/package.tgz
47 silly lockFile 0e8a82d7-local-lib-node-modules-grunt-cli tar:///Users/josephritchie/local/lib/node_modules/grunt-cli
48 verbose lock tar:///Users/josephritchie/local/lib/node_modules/grunt-cli /Users/josephritchie/.npm/0e8a82d7-local-lib-node-modules-grunt-cli.lock
49 silly lockFile e0be4942-npm-grunt-cli-0-1-13-package-tgz tar:///Users/josephritchie/.npm/grunt-cli/0.1.13/package.tgz
50 verbose lock tar:///Users/josephritchie/.npm/grunt-cli/0.1.13/package.tgz /Users/josephritchie/.npm/e0be4942-npm-grunt-cli-0-1-13-package-tgz.lock
51 silly gunzTarPerm modes [ '755', '644' ]
52 silly gunzTarPerm extractEntry package.json
53 silly gunzTarPerm extractEntry .npmignore
54 silly gunzTarPerm extractEntry README.md
55 silly gunzTarPerm extractEntry Gruntfile.js
56 silly gunzTarPerm extractEntry .travis.yml
57 silly gunzTarPerm extractEntry AUTHORS
58 silly gunzTarPerm extractEntry LICENSE-MIT
59 silly gunzTarPerm extractEntry bin/grunt
60 silly gunzTarPerm extractEntry completion/bash
61 silly gunzTarPerm extractEntry completion/zsh
62 silly gunzTarPerm extractEntry lib/cli.js
63 silly gunzTarPerm extractEntry lib/completion.js
64 silly gunzTarPerm extractEntry lib/info.js
65 silly lockFile 0e8a82d7-local-lib-node-modules-grunt-cli tar:///Users/josephritchie/local/lib/node_modules/grunt-cli
66 silly lockFile 0e8a82d7-local-lib-node-modules-grunt-cli tar:///Users/josephritchie/local/lib/node_modules/grunt-cli
67 silly lockFile e0be4942-npm-grunt-cli-0-1-13-package-tgz tar:///Users/josephritchie/.npm/grunt-cli/0.1.13/package.tgz
68 silly lockFile e0be4942-npm-grunt-cli-0-1-13-package-tgz tar:///Users/josephritchie/.npm/grunt-cli/0.1.13/package.tgz
69 info preinstall grunt-cli@0.1.13
70 verbose readDependencies using package.json deps
71 verbose readDependencies using package.json deps
72 verbose cache add [ 'nopt@~1.0.10', null ]
73 verbose cache add name=undefined spec="nopt@~1.0.10" args=["nopt@~1.0.10",null]
74 verbose parsed url { protocol: null,
74 verbose parsed url   slashes: null,
74 verbose parsed url   auth: null,
74 verbose parsed url   host: null,
74 verbose parsed url   port: null,
74 verbose parsed url   hostname: null,
74 verbose parsed url   hash: null,
74 verbose parsed url   search: null,
74 verbose parsed url   query: null,
74 verbose parsed url   pathname: 'nopt@~1.0.10',
74 verbose parsed url   path: 'nopt@~1.0.10',
74 verbose parsed url   href: 'nopt@~1.0.10' }
75 verbose cache add [ 'findup-sync@~0.1.0', null ]
76 verbose cache add name=undefined spec="findup-sync@~0.1.0" args=["findup-sync@~0.1.0",null]
77 verbose parsed url { protocol: null,
77 verbose parsed url   slashes: null,
77 verbose parsed url   auth: null,
77 verbose parsed url   host: null,
77 verbose parsed url   port: null,
77 verbose parsed url   hostname: null,
77 verbose parsed url   hash: null,
77 verbose parsed url   search: null,
77 verbose parsed url   query: null,
77 verbose parsed url   pathname: 'findup-sync@~0.1.0',
77 verbose parsed url   path: 'findup-sync@~0.1.0',
77 verbose parsed url   href: 'findup-sync@~0.1.0' }
78 verbose cache add [ 'resolve@~0.3.1', null ]
79 verbose cache add name=undefined spec="resolve@~0.3.1" args=["resolve@~0.3.1",null]
80 verbose parsed url { protocol: null,
80 verbose parsed url   slashes: null,
80 verbose parsed url   auth: null,
80 verbose parsed url   host: null,
80 verbose parsed url   port: null,
80 verbose parsed url   hostname: null,
80 verbose parsed url   hash: null,
80 verbose parsed url   search: null,
80 verbose parsed url   query: null,
80 verbose parsed url   pathname: 'resolve@~0.3.1',
80 verbose parsed url   path: 'resolve@~0.3.1',
80 verbose parsed url   href: 'resolve@~0.3.1' }
81 verbose cache add name="nopt" spec="~1.0.10" args=["nopt","~1.0.10"]
82 verbose parsed url { protocol: null,
82 verbose parsed url   slashes: null,
82 verbose parsed url   auth: null,
82 verbose parsed url   host: null,
82 verbose parsed url   port: null,
82 verbose parsed url   hostname: null,
82 verbose parsed url   hash: null,
82 verbose parsed url   search: null,
82 verbose parsed url   query: null,
82 verbose parsed url   pathname: '~1.0.10',
82 verbose parsed url   path: '~1.0.10',
82 verbose parsed url   href: '~1.0.10' }
83 verbose addNamed [ 'nopt', '~1.0.10' ]
84 verbose addNamed [ null, '>=1.0.10-0 <1.1.0-0' ]
85 silly lockFile 79f78dba-nopt-1-0-10 nopt@~1.0.10
86 verbose lock nopt@~1.0.10 /Users/josephritchie/.npm/79f78dba-nopt-1-0-10.lock
87 verbose cache add name="findup-sync" spec="~0.1.0" args=["findup-sync","~0.1.0"]
88 verbose parsed url { protocol: null,
88 verbose parsed url   slashes: null,
88 verbose parsed url   auth: null,
88 verbose parsed url   host: null,
88 verbose parsed url   port: null,
88 verbose parsed url   hostname: null,
88 verbose parsed url   hash: null,
88 verbose parsed url   search: null,
88 verbose parsed url   query: null,
88 verbose parsed url   pathname: '~0.1.0',
88 verbose parsed url   path: '~0.1.0',
88 verbose parsed url   href: '~0.1.0' }
89 verbose addNamed [ 'findup-sync', '~0.1.0' ]
90 verbose addNamed [ null, '>=0.1.0-0 <0.2.0-0' ]
91 silly lockFile 625605b9-findup-sync-0-1-0 findup-sync@~0.1.0
92 verbose lock findup-sync@~0.1.0 /Users/josephritchie/.npm/625605b9-findup-sync-0-1-0.lock
93 verbose cache add name="resolve" spec="~0.3.1" args=["resolve","~0.3.1"]
94 verbose parsed url { protocol: null,
94 verbose parsed url   slashes: null,
94 verbose parsed url   auth: null,
94 verbose parsed url   host: null,
94 verbose parsed url   port: null,
94 verbose parsed url   hostname: null,
94 verbose parsed url   hash: null,
94 verbose parsed url   search: null,
94 verbose parsed url   query: null,
94 verbose parsed url   pathname: '~0.3.1',
94 verbose parsed url   path: '~0.3.1',
94 verbose parsed url   href: '~0.3.1' }
95 verbose addNamed [ 'resolve', '~0.3.1' ]
96 verbose addNamed [ null, '>=0.3.1-0 <0.4.0-0' ]
97 silly lockFile 7958d065-resolve-0-3-1 resolve@~0.3.1
98 verbose lock resolve@~0.3.1 /Users/josephritchie/.npm/7958d065-resolve-0-3-1.lock
99 silly addNameRange { name: 'nopt', range: '>=1.0.10-0 <1.1.0-0', hasData: false }
100 silly addNameRange { name: 'findup-sync',
100 silly addNameRange   range: '>=0.1.0-0 <0.2.0-0',
100 silly addNameRange   hasData: false }
101 silly addNameRange { name: 'resolve', range: '>=0.3.1-0 <0.4.0-0', hasData: false }
102 verbose url raw resolve
103 verbose url resolving [ 'https://registry.npmjs.org/', './resolve' ]
104 verbose url resolved https://registry.npmjs.org/resolve
105 info trying registry request attempt 1 at 00:38:24
106 http GET https://registry.npmjs.org/resolve
107 verbose url raw nopt
108 verbose url resolving [ 'https://registry.npmjs.org/', './nopt' ]
109 verbose url resolved https://registry.npmjs.org/nopt
110 info trying registry request attempt 1 at 00:38:24
111 verbose etag "5QLU65DX50UPKFOQALW73JMEO"
112 http GET https://registry.npmjs.org/nopt
113 verbose url raw findup-sync
114 verbose url resolving [ 'https://registry.npmjs.org/', './findup-sync' ]
115 verbose url resolved https://registry.npmjs.org/findup-sync
116 info trying registry request attempt 1 at 00:38:24
117 verbose etag "A5GURQYFPZTMB7CQMGUCB2RJ6"
118 http GET https://registry.npmjs.org/findup-sync
119 http 304 https://registry.npmjs.org/findup-sync
120 silly registry.get cb [ 304,
120 silly registry.get   { date: 'Tue, 03 Jun 2014 07:38:24 GMT',
120 silly registry.get     server: 'Apache',
120 silly registry.get     via: '1.1 varnish',
120 silly registry.get     'last-modified': 'Tue, 03 Jun 2014 07:38:24 GMT',
120 silly registry.get     'cache-control': 'max-age=1',
120 silly registry.get     etag: '"A5GURQYFPZTMB7CQMGUCB2RJ6"',
120 silly registry.get     'x-served-by': 'cache-sv62-SJC3',
120 silly registry.get     'x-cache': 'MISS',
120 silly registry.get     'x-cache-hits': '0',
120 silly registry.get     'x-timer': 'S1401781104.353170,VS0,VE75',
120 silly registry.get     vary: 'Accept',
120 silly registry.get     'content-length': '0',
120 silly registry.get     'keep-alive': 'timeout=10, max=50',
120 silly registry.get     connection: 'Keep-Alive' } ]
121 verbose etag findup-sync from cache
122 http 304 https://registry.npmjs.org/nopt
123 silly registry.get cb [ 304,
123 silly registry.get   { date: 'Tue, 03 Jun 2014 07:38:24 GMT',
123 silly registry.get     server: 'Apache',
123 silly registry.get     via: '1.1 varnish',
123 silly registry.get     'last-modified': 'Tue, 03 Jun 2014 07:38:24 GMT',
123 silly registry.get     'cache-control': 'max-age=1',
123 silly registry.get     etag: '"5QLU65DX50UPKFOQALW73JMEO"',
123 silly registry.get     'x-served-by': 'cache-sv62-SJC3',
123 silly registry.get     'x-cache': 'HIT',
123 silly registry.get     'x-cache-hits': '1',
123 silly registry.get     'x-timer': 'S1401781104.359868,VS0,VE75',
123 silly registry.get     vary: 'Accept',
123 silly registry.get     'content-length': '0',
123 silly registry.get     'keep-alive': 'timeout=10, max=50',
123 silly registry.get     connection: 'Keep-Alive' } ]
124 verbose etag nopt from cache
125 silly addNameRange number 2 { name: 'findup-sync',
125 silly addNameRange   range: '>=0.1.0-0 <0.2.0-0',
125 silly addNameRange   hasData: true }
126 silly addNameRange versions [ 'findup-sync', [ '0.1.0', '0.1.1', '0.1.2', '0.1.3' ] ]
127 verbose addNamed [ 'findup-sync', '0.1.3' ]
128 verbose addNamed [ '0.1.3', '0.1.3' ]
129 silly lockFile 7d59adfa-findup-sync-0-1-3 findup-sync@0.1.3
130 verbose lock findup-sync@0.1.3 /Users/josephritchie/.npm/7d59adfa-findup-sync-0-1-3.lock
131 silly addNameRange number 2 { name: 'nopt', range: '>=1.0.10-0 <1.1.0-0', hasData: true }
132 silly addNameRange versions [ 'nopt',
132 silly addNameRange   [ '1.0.0',
132 silly addNameRange     '1.0.1',
132 silly addNameRange     '1.0.2',
132 silly addNameRange     '1.0.3',
132 silly addNameRange     '1.0.4',
132 silly addNameRange     '1.0.5',
132 silly addNameRange     '1.0.6',
132 silly addNameRange     '1.0.7',
132 silly addNameRange     '1.0.8',
132 silly addNameRange     '1.0.9',
132 silly addNameRange     '1.0.10',
132 silly addNameRange     '2.0.0',
132 silly addNameRange     '2.1.0',
132 silly addNameRange     '2.1.1',
132 silly addNameRange     '2.1.2',
132 silly addNameRange     '2.2.0',
132 silly addNameRange     '2.2.1' ] ]
133 verbose addNamed [ 'nopt', '1.0.10' ]
134 verbose addNamed [ '1.0.10', '1.0.10' ]
135 silly lockFile 1be903a1-nopt-1-0-10 nopt@1.0.10
136 verbose lock nopt@1.0.10 /Users/josephritchie/.npm/1be903a1-nopt-1-0-10.lock
137 silly lockFile 4ce84396-y-npmjs-org-nopt-nopt-1-0-10-tgz https://registry.npmjs.org/nopt/-/nopt-1.0.10.tgz
138 verbose lock https://registry.npmjs.org/nopt/-/nopt-1.0.10.tgz /Users/josephritchie/.npm/4ce84396-y-npmjs-org-nopt-nopt-1-0-10-tgz.lock
139 verbose addRemoteTarball [ 'https://registry.npmjs.org/nopt/-/nopt-1.0.10.tgz',
139 verbose addRemoteTarball   '6ddd21bd2a31417b92727dd585f8a6f37608ebee' ]
140 info retry fetch attempt 1 at 00:38:24
141 verbose fetch to= /var/folders/x0/w0lnsmns7_n05vz6wp7wvf4r0000gn/T/npm-4918-U300HLMt/registry.npmjs.org/nopt/-/nopt-1.0.10.tgz
142 http GET https://registry.npmjs.org/nopt/-/nopt-1.0.10.tgz
143 silly lockFile 7d59adfa-findup-sync-0-1-3 findup-sync@0.1.3
144 silly lockFile 7d59adfa-findup-sync-0-1-3 findup-sync@0.1.3
145 silly lockFile 625605b9-findup-sync-0-1-0 findup-sync@~0.1.0
146 silly lockFile 625605b9-findup-sync-0-1-0 findup-sync@~0.1.0
147 verbose about to build /Users/josephritchie/local/lib/node_modules/grunt-cli
148 info /Users/josephritchie/local/lib/node_modules/grunt-cli unbuild
149 info preuninstall grunt-cli@0.1.13
150 info uninstall grunt-cli@0.1.13
151 verbose true,/Users/josephritchie/local/lib/node_modules,/Users/josephritchie/local/lib/node_modules unbuild grunt-cli@0.1.13
152 verbose /Users/josephritchie/local/bin,[object Object] binRoot
153 info postuninstall grunt-cli@0.1.13
154 http 200 https://registry.npmjs.org/resolve
155 silly registry.get cb [ 200,
155 silly registry.get   { date: 'Tue, 03 Jun 2014 07:38:24 GMT',
155 silly registry.get     server: 'CouchDB/1.5.0 (Erlang OTP/R14B04)',
155 silly registry.get     etag: '"EBLF8PWL3LHCP6FDF5SA44F6C"',
155 silly registry.get     'content-type': 'application/json',
155 silly registry.get     via: '1.1 varnish',
155 silly registry.get     'cache-control': 'max-age=1',
155 silly registry.get     'content-length': '31625',
155 silly registry.get     'accept-ranges': 'bytes',
155 silly registry.get     age: '13',
155 silly registry.get     'x-served-by': 'cache-v44-ASH, cache-sv63-SJC3',
155 silly registry.get     'x-cache': 'HIT, HIT',
155 silly registry.get     'x-cache-hits': '4, 1',
155 silly registry.get     'x-timer': 'S1401781104.347423,VS0,VE75',
155 silly registry.get     vary: 'Accept',
155 silly registry.get     'keep-alive': 'timeout=10, max=50',
155 silly registry.get     connection: 'Keep-Alive' } ]
156 error Error: EACCES, open '/Users/josephritchie/.npm/findup-sync/0.1.3/package/package.json'
156 error  { [Error: EACCES, open '/Users/josephritchie/.npm/findup-sync/0.1.3/package/package.json']
156 error   errno: 3,
156 error   code: 'EACCES',
156 error   path: '/Users/josephritchie/.npm/findup-sync/0.1.3/package/package.json',
156 error   parent: 'grunt-cli' }
157 error Please try running this command again as root/Administrator.
158 error System Darwin 13.2.0
159 error command "node" "/Users/josephritchie/local/bin/npm" "install" "-g" "grunt-cli"
160 error cwd /Users/josephritchie/SpotNS/Bolt/client/BoltWeb
161 error node -v v0.10.28
162 error npm -v 1.4.13
163 error path /Users/josephritchie/.npm/findup-sync/0.1.3/package/package.json
164 error code EACCES
165 error errno 3
166 error stack Error: EACCES, open '/Users/josephritchie/.npm/findup-sync/0.1.3/package/package.json'
167 verbose exit [ 3, true ]
